{"E:\\NodeJS_PHASE 2\\Management_task\\global_functions.js": {"path":"E:\\NodeJS_PHASE 2\\Management_task\\global_functions.js","statementMap":{"0":{"start":{"line":1,"column":11},"end":{"line":1,"column":33}},"1":{"start":{"line":3,"column":12},"end":{"line":10,"column":1}},"2":{"start":{"line":4,"column":2},"end":{"line":6,"column":3}},"3":{"start":{"line":5,"column":4},"end":{"line":5,"column":22}},"4":{"start":{"line":7,"column":2},"end":{"line":7,"column":34}},"5":{"start":{"line":8,"column":2},"end":{"line":8,"column":57}},"6":{"start":{"line":8,"column":35},"end":{"line":8,"column":57}},"7":{"start":{"line":9,"column":2},"end":{"line":9,"column":50}},"8":{"start":{"line":12,"column":12},"end":{"line":21,"column":1}},"9":{"start":{"line":13,"column":18},"end":{"line":13,"column":35}},"10":{"start":{"line":15,"column":2},"end":{"line":17,"column":3}},"11":{"start":{"line":16,"column":4},"end":{"line":16,"column":47}},"12":{"start":{"line":19,"column":2},"end":{"line":19,"column":57}},"13":{"start":{"line":19,"column":35},"end":{"line":19,"column":57}},"14":{"start":{"line":20,"column":2},"end":{"line":20,"column":29}},"15":{"start":{"line":23,"column":11},"end":{"line":33,"column":1}},"16":{"start":{"line":24,"column":2},"end":{"line":32,"column":6}},"17":{"start":{"line":27,"column":6},"end":{"line":27,"column":26}},"18":{"start":{"line":30,"column":6},"end":{"line":30,"column":22}},"19":{"start":{"line":35,"column":11},"end":{"line":41,"column":1}},"20":{"start":{"line":36,"column":2},"end":{"line":38,"column":3}},"21":{"start":{"line":37,"column":4},"end":{"line":37,"column":31}},"22":{"start":{"line":40,"column":2},"end":{"line":40,"column":31}},"23":{"start":{"line":44,"column":0},"end":{"line":46,"column":3}},"24":{"start":{"line":45,"column":2},"end":{"line":45,"column":45}},"25":{"start":{"line":48,"column":0},"end":{"line":48,"column":43}}},"fnMap":{"0":{"name":"(anonymous_0)","decl":{"start":{"line":3,"column":12},"end":{"line":3,"column":13}},"loc":{"start":{"line":3,"column":44},"end":{"line":10,"column":1}},"line":3},"1":{"name":"(anonymous_1)","decl":{"start":{"line":12,"column":12},"end":{"line":12,"column":13}},"loc":{"start":{"line":12,"column":39},"end":{"line":21,"column":1}},"line":12},"2":{"name":"(anonymous_2)","decl":{"start":{"line":23,"column":11},"end":{"line":23,"column":12}},"loc":{"start":{"line":23,"column":30},"end":{"line":33,"column":1}},"line":23},"3":{"name":"(anonymous_3)","decl":{"start":{"line":25,"column":10},"end":{"line":25,"column":11}},"loc":{"start":{"line":25,"column":18},"end":{"line":28,"column":5}},"line":25},"4":{"name":"(anonymous_4)","decl":{"start":{"line":28,"column":13},"end":{"line":28,"column":14}},"loc":{"start":{"line":28,"column":20},"end":{"line":31,"column":5}},"line":28},"5":{"name":"(anonymous_5)","decl":{"start":{"line":35,"column":11},"end":{"line":35,"column":12}},"loc":{"start":{"line":35,"column":39},"end":{"line":41,"column":1}},"line":35},"6":{"name":"(anonymous_6)","decl":{"start":{"line":44,"column":33},"end":{"line":44,"column":34}},"loc":{"start":{"line":44,"column":42},"end":{"line":46,"column":1}},"line":44}},"branchMap":{"0":{"loc":{"start":{"line":4,"column":2},"end":{"line":6,"column":3}},"type":"if","locations":[{"start":{"line":4,"column":2},"end":{"line":6,"column":3}},{"start":{},"end":{}}],"line":4},"1":{"loc":{"start":{"line":4,"column":6},"end":{"line":4,"column":65}},"type":"binary-expr","locations":[{"start":{"line":4,"column":6},"end":{"line":4,"column":28}},{"start":{"line":4,"column":32},"end":{"line":4,"column":65}}],"line":4},"2":{"loc":{"start":{"line":8,"column":2},"end":{"line":8,"column":57}},"type":"if","locations":[{"start":{"line":8,"column":2},"end":{"line":8,"column":57}},{"start":{},"end":{}}],"line":8},"3":{"loc":{"start":{"line":15,"column":2},"end":{"line":17,"column":3}},"type":"if","locations":[{"start":{"line":15,"column":2},"end":{"line":17,"column":3}},{"start":{},"end":{}}],"line":15},"4":{"loc":{"start":{"line":19,"column":2},"end":{"line":19,"column":57}},"type":"if","locations":[{"start":{"line":19,"column":2},"end":{"line":19,"column":57}},{"start":{},"end":{}}],"line":19},"5":{"loc":{"start":{"line":36,"column":2},"end":{"line":38,"column":3}},"type":"if","locations":[{"start":{"line":36,"column":2},"end":{"line":38,"column":3}},{"start":{},"end":{}}],"line":36}},"s":{"0":1,"1":1,"2":14,"3":14,"4":14,"5":14,"6":14,"7":14,"8":1,"9":2,"10":2,"11":0,"12":2,"13":2,"14":2,"15":1,"16":31,"17":9,"18":21,"19":1,"20":10,"21":0,"22":10,"23":1,"24":0,"25":1},"f":{"0":14,"1":2,"2":31,"3":9,"4":21,"5":10,"6":0},"b":{"0":[14,0],"1":[14,14],"2":[14,0],"3":[0,2],"4":[2,0],"5":[0,10]},"_coverageSchema":"1a1c01bbd47fc00a2c39e90264f33305004495a9","hash":"4c9adb5411796e912432006b799e6b1b9aa1029b"}
,"E:\\NodeJS_PHASE 2\\Management_task\\config\\config.js": {"path":"E:\\NodeJS_PHASE 2\\Management_task\\config\\config.js","statementMap":{"0":{"start":{"line":1,"column":0},"end":{"line":1,"column":27}},"1":{"start":{"line":3,"column":0},"end":{"line":3,"column":12}},"2":{"start":{"line":5,"column":0},"end":{"line":5,"column":37}},"3":{"start":{"line":6,"column":0},"end":{"line":6,"column":37}},"4":{"start":{"line":7,"column":0},"end":{"line":7,"column":45}},"5":{"start":{"line":8,"column":0},"end":{"line":8,"column":37}},"6":{"start":{"line":9,"column":0},"end":{"line":9,"column":37}},"7":{"start":{"line":10,"column":0},"end":{"line":10,"column":38}},"8":{"start":{"line":11,"column":0},"end":{"line":11,"column":51}},"9":{"start":{"line":12,"column":0},"end":{"line":12,"column":51}},"10":{"start":{"line":13,"column":0},"end":{"line":13,"column":31}},"11":{"start":{"line":14,"column":0},"end":{"line":14,"column":31}},"12":{"start":{"line":15,"column":0},"end":{"line":15,"column":40}}},"fnMap":{},"branchMap":{},"s":{"0":1,"1":1,"2":1,"3":1,"4":1,"5":1,"6":1,"7":1,"8":1,"9":1,"10":1,"11":1,"12":1},"f":{},"b":{},"_coverageSchema":"1a1c01bbd47fc00a2c39e90264f33305004495a9","hash":"eed74bbf83a67a3c46079cbbc9df49f25b5919a6"}
,"E:\\NodeJS_PHASE 2\\Management_task\\config\\constants.js": {"path":"E:\\NodeJS_PHASE 2\\Management_task\\config\\constants.js","statementMap":{"0":{"start":{"line":3,"column":0},"end":{"line":3,"column":20}},"1":{"start":{"line":5,"column":0},"end":{"line":5,"column":14}},"2":{"start":{"line":7,"column":0},"end":{"line":9,"column":2}}},"fnMap":{},"branchMap":{},"s":{"0":1,"1":1,"2":1},"f":{},"b":{},"_coverageSchema":"1a1c01bbd47fc00a2c39e90264f33305004495a9","hash":"619ffc9b7963a304b4dec9d7fe2559f1843c5914"}
,"E:\\NodeJS_PHASE 2\\Management_task\\controllers\\leaveDetailsController\\leavedetails.Controller.js": {"path":"E:\\NodeJS_PHASE 2\\Management_task\\controllers\\leaveDetailsController\\leavedetails.Controller.js","statementMap":{"0":{"start":{"line":1,"column":30},"end":{"line":1,"column":63}},"1":{"start":{"line":2,"column":15},"end":{"line":2,"column":42}},"2":{"start":{"line":3,"column":21},"end":{"line":3,"column":74}},"3":{"start":{"line":5,"column":19},"end":{"line":13,"column":1}},"4":{"start":{"line":6,"column":4},"end":{"line":12,"column":5}},"5":{"start":{"line":7,"column":20},"end":{"line":7,"column":63}},"6":{"start":{"line":8,"column":4},"end":{"line":8,"column":36}},"7":{"start":{"line":8,"column":12},"end":{"line":8,"column":36}},"8":{"start":{"line":9,"column":4},"end":{"line":9,"column":29}},"9":{"start":{"line":11,"column":6},"end":{"line":11,"column":52}},"10":{"start":{"line":15,"column":17},"end":{"line":23,"column":1}},"11":{"start":{"line":16,"column":2},"end":{"line":22,"column":3}},"12":{"start":{"line":17,"column":20},"end":{"line":17,"column":76}},"13":{"start":{"line":18,"column":4},"end":{"line":18,"column":36}},"14":{"start":{"line":18,"column":12},"end":{"line":18,"column":36}},"15":{"start":{"line":19,"column":4},"end":{"line":19,"column":29}},"16":{"start":{"line":21,"column":4},"end":{"line":21,"column":59}},"17":{"start":{"line":25,"column":23},"end":{"line":33,"column":1}},"18":{"start":{"line":26,"column":2},"end":{"line":32,"column":3}},"19":{"start":{"line":27,"column":20},"end":{"line":27,"column":70}},"20":{"start":{"line":28,"column":4},"end":{"line":28,"column":36}},"21":{"start":{"line":28,"column":12},"end":{"line":28,"column":36}},"22":{"start":{"line":29,"column":4},"end":{"line":29,"column":29}},"23":{"start":{"line":31,"column":4},"end":{"line":31,"column":56}},"24":{"start":{"line":34,"column":0},"end":{"line":34,"column":38}},"25":{"start":{"line":35,"column":0},"end":{"line":35,"column":40}},"26":{"start":{"line":36,"column":0},"end":{"line":36,"column":46}},"27":{"start":{"line":38,"column":2},"end":{"line":38,"column":68}}},"fnMap":{"0":{"name":"(anonymous_0)","decl":{"start":{"line":5,"column":19},"end":{"line":5,"column":20}},"loc":{"start":{"line":5,"column":43},"end":{"line":13,"column":1}},"line":5},"1":{"name":"(anonymous_1)","decl":{"start":{"line":15,"column":17},"end":{"line":15,"column":18}},"loc":{"start":{"line":15,"column":41},"end":{"line":23,"column":1}},"line":15},"2":{"name":"(anonymous_2)","decl":{"start":{"line":25,"column":23},"end":{"line":25,"column":24}},"loc":{"start":{"line":25,"column":47},"end":{"line":33,"column":1}},"line":25}},"branchMap":{"0":{"loc":{"start":{"line":6,"column":4},"end":{"line":12,"column":5}},"type":"if","locations":[{"start":{"line":6,"column":4},"end":{"line":12,"column":5}},{"start":{"line":10,"column":9},"end":{"line":12,"column":5}}],"line":6},"1":{"loc":{"start":{"line":6,"column":7},"end":{"line":6,"column":20}},"type":"binary-expr","locations":[{"start":{"line":6,"column":7},"end":{"line":6,"column":10}},{"start":{"line":6,"column":12},"end":{"line":6,"column":20}}],"line":6},"2":{"loc":{"start":{"line":8,"column":4},"end":{"line":8,"column":36}},"type":"if","locations":[{"start":{"line":8,"column":4},"end":{"line":8,"column":36}},{"start":{},"end":{}}],"line":8},"3":{"loc":{"start":{"line":16,"column":2},"end":{"line":22,"column":3}},"type":"if","locations":[{"start":{"line":16,"column":2},"end":{"line":22,"column":3}},{"start":{"line":20,"column":7},"end":{"line":22,"column":3}}],"line":16},"4":{"loc":{"start":{"line":16,"column":5},"end":{"line":16,"column":38}},"type":"binary-expr","locations":[{"start":{"line":16,"column":5},"end":{"line":16,"column":8}},{"start":{"line":16,"column":10},"end":{"line":16,"column":20}},{"start":{"line":16,"column":22},"end":{"line":16,"column":38}}],"line":16},"5":{"loc":{"start":{"line":18,"column":4},"end":{"line":18,"column":36}},"type":"if","locations":[{"start":{"line":18,"column":4},"end":{"line":18,"column":36}},{"start":{},"end":{}}],"line":18},"6":{"loc":{"start":{"line":26,"column":2},"end":{"line":32,"column":3}},"type":"if","locations":[{"start":{"line":26,"column":2},"end":{"line":32,"column":3}},{"start":{"line":30,"column":7},"end":{"line":32,"column":3}}],"line":26},"7":{"loc":{"start":{"line":26,"column":5},"end":{"line":26,"column":35}},"type":"binary-expr","locations":[{"start":{"line":26,"column":5},"end":{"line":26,"column":8}},{"start":{"line":26,"column":10},"end":{"line":26,"column":20}},{"start":{"line":26,"column":22},"end":{"line":26,"column":35}}],"line":26},"8":{"loc":{"start":{"line":28,"column":4},"end":{"line":28,"column":36}},"type":"if","locations":[{"start":{"line":28,"column":4},"end":{"line":28,"column":36}},{"start":{},"end":{}}],"line":28}},"s":{"0":1,"1":1,"2":1,"3":1,"4":3,"5":2,"6":2,"7":1,"8":1,"9":1,"10":1,"11":3,"12":2,"13":2,"14":1,"15":1,"16":1,"17":1,"18":10,"19":9,"20":9,"21":9,"22":0,"23":1,"24":1,"25":1,"26":1,"27":1},"f":{"0":3,"1":3,"2":10},"b":{"0":[2,1],"1":[3,3],"2":[1,1],"3":[2,1],"4":[3,3,3],"5":[1,1],"6":[9,1],"7":[10,10,9],"8":[9,0]},"_coverageSchema":"1a1c01bbd47fc00a2c39e90264f33305004495a9","hash":"0fa25d968a255786984b59cc6d64b57ff79a7676"}
,"E:\\NodeJS_PHASE 2\\Management_task\\models\\index.js": {"path":"E:\\NodeJS_PHASE 2\\Management_task\\models\\index.js","statementMap":{"0":{"start":{"line":1,"column":9},"end":{"line":1,"column":22}},"1":{"start":{"line":2,"column":11},"end":{"line":2,"column":26}},"2":{"start":{"line":3,"column":18},"end":{"line":3,"column":38}},"3":{"start":{"line":4,"column":15},"end":{"line":4,"column":40}},"4":{"start":{"line":5,"column":0},"end":{"line":5,"column":33}},"5":{"start":{"line":7,"column":11},"end":{"line":7,"column":13}},"6":{"start":{"line":9,"column":15},"end":{"line":26,"column":3}},"7":{"start":{"line":27,"column":23},"end":{"line":41,"column":3}},"8":{"start":{"line":28,"column":18},"end":{"line":39,"column":5}},"9":{"start":{"line":30,"column":8},"end":{"line":34,"column":11}},"10":{"start":{"line":31,"column":10},"end":{"line":33,"column":11}},"11":{"start":{"line":32,"column":12},"end":{"line":32,"column":60}},"12":{"start":{"line":37,"column":8},"end":{"line":37,"column":35}},"13":{"start":{"line":40,"column":4},"end":{"line":40,"column":19}},"14":{"start":{"line":43,"column":2},"end":{"line":59,"column":5}},"15":{"start":{"line":44,"column":4},"end":{"line":58,"column":9}},"16":{"start":{"line":46,"column":8},"end":{"line":50,"column":10}},"17":{"start":{"line":53,"column":20},"end":{"line":56,"column":9}},"18":{"start":{"line":57,"column":8},"end":{"line":57,"column":38}},"19":{"start":{"line":61,"column":2},"end":{"line":65,"column":5}},"20":{"start":{"line":62,"column":4},"end":{"line":64,"column":5}},"21":{"start":{"line":63,"column":6},"end":{"line":63,"column":36}},"22":{"start":{"line":66,"column":2},"end":{"line":66,"column":35}},"23":{"start":{"line":67,"column":2},"end":{"line":67,"column":27}},"24":{"start":{"line":68,"column":2},"end":{"line":68,"column":27}},"25":{"start":{"line":70,"column":2},"end":{"line":70,"column":22}}},"fnMap":{"0":{"name":"(anonymous_0)","decl":{"start":{"line":27,"column":23},"end":{"line":27,"column":24}},"loc":{"start":{"line":27,"column":41},"end":{"line":41,"column":3}},"line":27},"1":{"name":"(anonymous_1)","decl":{"start":{"line":29,"column":6},"end":{"line":29,"column":7}},"loc":{"start":{"line":29,"column":13},"end":{"line":35,"column":7}},"line":29},"2":{"name":"(anonymous_2)","decl":{"start":{"line":30,"column":33},"end":{"line":30,"column":34}},"loc":{"start":{"line":30,"column":43},"end":{"line":34,"column":9}},"line":30},"3":{"name":"(anonymous_3)","decl":{"start":{"line":32,"column":46},"end":{"line":32,"column":47}},"loc":{"start":{"line":32,"column":55},"end":{"line":32,"column":58}},"line":32},"4":{"name":"(anonymous_4)","decl":{"start":{"line":36,"column":6},"end":{"line":36,"column":7}},"loc":{"start":{"line":36,"column":15},"end":{"line":38,"column":7}},"line":36},"5":{"name":"(anonymous_5)","decl":{"start":{"line":43,"column":27},"end":{"line":43,"column":28}},"loc":{"start":{"line":43,"column":37},"end":{"line":59,"column":3}},"line":43},"6":{"name":"(anonymous_6)","decl":{"start":{"line":45,"column":14},"end":{"line":45,"column":15}},"loc":{"start":{"line":45,"column":24},"end":{"line":51,"column":7}},"line":45},"7":{"name":"(anonymous_7)","decl":{"start":{"line":52,"column":15},"end":{"line":52,"column":16}},"loc":{"start":{"line":52,"column":25},"end":{"line":58,"column":7}},"line":52},"8":{"name":"(anonymous_8)","decl":{"start":{"line":61,"column":26},"end":{"line":61,"column":27}},"loc":{"start":{"line":61,"column":41},"end":{"line":65,"column":3}},"line":61}},"branchMap":{"0":{"loc":{"start":{"line":31,"column":10},"end":{"line":33,"column":11}},"type":"if","locations":[{"start":{"line":31,"column":10},"end":{"line":33,"column":11}},{"start":{},"end":{}}],"line":31},"1":{"loc":{"start":{"line":47,"column":10},"end":{"line":49,"column":34}},"type":"binary-expr","locations":[{"start":{"line":47,"column":10},"end":{"line":47,"column":33}},{"start":{"line":48,"column":10},"end":{"line":48,"column":27}},{"start":{"line":49,"column":10},"end":{"line":49,"column":34}}],"line":47},"2":{"loc":{"start":{"line":62,"column":4},"end":{"line":64,"column":5}},"type":"if","locations":[{"start":{"line":62,"column":4},"end":{"line":64,"column":5}},{"start":{},"end":{}}],"line":62}},"s":{"0":1,"1":1,"2":1,"3":1,"4":1,"5":1,"6":1,"7":1,"8":1,"9":0,"10":0,"11":0,"12":0,"13":0,"14":1,"15":5,"16":5,"17":5,"18":5,"19":1,"20":5,"21":4,"22":1,"23":1,"24":1,"25":1},"f":{"0":1,"1":0,"2":0,"3":0,"4":0,"5":5,"6":5,"7":5,"8":5},"b":{"0":[0,0],"1":[5,5,5],"2":[4,1]},"_coverageSchema":"1a1c01bbd47fc00a2c39e90264f33305004495a9","hash":"9c99fcefe2a2824e0d88b012c346d0efcb1e97d5"}
,"E:\\NodeJS_PHASE 2\\Management_task\\models\\departmentDetails\\department.js": {"path":"E:\\NodeJS_PHASE 2\\Management_task\\models\\departmentDetails\\department.js","statementMap":{"0":{"start":{"line":1,"column":0},"end":{"line":29,"column":1}},"1":{"start":{"line":2,"column":22},"end":{"line":24,"column":6}},"2":{"start":{"line":25,"column":4},"end":{"line":27,"column":6}},"3":{"start":{"line":26,"column":6},"end":{"line":26,"column":74}},"4":{"start":{"line":28,"column":4},"end":{"line":28,"column":22}}},"fnMap":{"0":{"name":"(anonymous_0)","decl":{"start":{"line":1,"column":17},"end":{"line":1,"column":18}},"loc":{"start":{"line":1,"column":43},"end":{"line":29,"column":1}},"line":1},"1":{"name":"(anonymous_1)","decl":{"start":{"line":25,"column":29},"end":{"line":25,"column":30}},"loc":{"start":{"line":25,"column":41},"end":{"line":27,"column":5}},"line":25}},"branchMap":{},"s":{"0":1,"1":1,"2":1,"3":1,"4":1},"f":{"0":1,"1":1},"b":{},"_coverageSchema":"1a1c01bbd47fc00a2c39e90264f33305004495a9","hash":"10d00072905037dbb2bb1616727eb2457795d0ed"}
,"E:\\NodeJS_PHASE 2\\Management_task\\models\\employeeDetails\\employee.js": {"path":"E:\\NodeJS_PHASE 2\\Management_task\\models\\employeeDetails\\employee.js","statementMap":{"0":{"start":{"line":1,"column":0},"end":{"line":52,"column":1}},"1":{"start":{"line":2,"column":17},"end":{"line":46,"column":6}},"2":{"start":{"line":48,"column":4},"end":{"line":50,"column":4}},"3":{"start":{"line":49,"column":6},"end":{"line":49,"column":68}},"4":{"start":{"line":51,"column":4},"end":{"line":51,"column":20}}},"fnMap":{"0":{"name":"(anonymous_0)","decl":{"start":{"line":1,"column":17},"end":{"line":1,"column":18}},"loc":{"start":{"line":1,"column":33},"end":{"line":52,"column":1}},"line":1},"1":{"name":"(anonymous_1)","decl":{"start":{"line":48,"column":27},"end":{"line":48,"column":28}},"loc":{"start":{"line":48,"column":39},"end":{"line":50,"column":3}},"line":48}},"branchMap":{},"s":{"0":1,"1":1,"2":1,"3":1,"4":1},"f":{"0":1,"1":1},"b":{},"_coverageSchema":"1a1c01bbd47fc00a2c39e90264f33305004495a9","hash":"dd2fb0d3398c4125a9aec95ae4d1548e3e74d4fe"}
,"E:\\NodeJS_PHASE 2\\Management_task\\models\\leaveManagement\\timeOffs.js": {"path":"E:\\NodeJS_PHASE 2\\Management_task\\models\\leaveManagement\\timeOffs.js","statementMap":{"0":{"start":{"line":1,"column":0},"end":{"line":38,"column":1}},"1":{"start":{"line":3,"column":21},"end":{"line":36,"column":6}},"2":{"start":{"line":37,"column":4},"end":{"line":37,"column":19}}},"fnMap":{"0":{"name":"(anonymous_0)","decl":{"start":{"line":1,"column":17},"end":{"line":1,"column":18}},"loc":{"start":{"line":1,"column":43},"end":{"line":38,"column":1}},"line":1}},"branchMap":{},"s":{"0":1,"1":1,"2":1},"f":{"0":1},"b":{},"_coverageSchema":"1a1c01bbd47fc00a2c39e90264f33305004495a9","hash":"4136a510b0b92d81be282f72067e3ac9ead6eaf9"}
,"E:\\NodeJS_PHASE 2\\Management_task\\models\\managerDetails\\manager.js": {"path":"E:\\NodeJS_PHASE 2\\Management_task\\models\\managerDetails\\manager.js","statementMap":{"0":{"start":{"line":1,"column":0},"end":{"line":43,"column":5}},"1":{"start":{"line":2,"column":20},"end":{"line":37,"column":10}},"2":{"start":{"line":38,"column":8},"end":{"line":41,"column":9}},"3":{"start":{"line":39,"column":10},"end":{"line":39,"column":74}},"4":{"start":{"line":40,"column":10},"end":{"line":40,"column":80}},"5":{"start":{"line":42,"column":8},"end":{"line":42,"column":23}}},"fnMap":{"0":{"name":"(anonymous_0)","decl":{"start":{"line":1,"column":17},"end":{"line":1,"column":18}},"loc":{"start":{"line":1,"column":33},"end":{"line":43,"column":5}},"line":1},"1":{"name":"(anonymous_1)","decl":{"start":{"line":38,"column":30},"end":{"line":38,"column":31}},"loc":{"start":{"line":38,"column":42},"end":{"line":41,"column":9}},"line":38}},"branchMap":{},"s":{"0":1,"1":1,"2":1,"3":1,"4":1,"5":1},"f":{"0":1,"1":1},"b":{},"_coverageSchema":"1a1c01bbd47fc00a2c39e90264f33305004495a9","hash":"1b08b294d7985cdc53feceb2001abcb9bc1e68b1"}
,"E:\\NodeJS_PHASE 2\\Management_task\\models\\teamLeadsDetails\\teamLeads.js": {"path":"E:\\NodeJS_PHASE 2\\Management_task\\models\\teamLeadsDetails\\teamLeads.js","statementMap":{"0":{"start":{"line":1,"column":0},"end":{"line":52,"column":5}},"1":{"start":{"line":2,"column":22},"end":{"line":46,"column":10}},"2":{"start":{"line":47,"column":8},"end":{"line":50,"column":9}},"3":{"start":{"line":48,"column":10},"end":{"line":48,"column":70}},"4":{"start":{"line":49,"column":10},"end":{"line":49,"column":76}},"5":{"start":{"line":51,"column":8},"end":{"line":51,"column":25}}},"fnMap":{"0":{"name":"(anonymous_0)","decl":{"start":{"line":1,"column":17},"end":{"line":1,"column":18}},"loc":{"start":{"line":1,"column":33},"end":{"line":52,"column":5}},"line":1},"1":{"name":"(anonymous_1)","decl":{"start":{"line":47,"column":32},"end":{"line":47,"column":33}},"loc":{"start":{"line":47,"column":44},"end":{"line":50,"column":9}},"line":47}},"branchMap":{},"s":{"0":1,"1":1,"2":1,"3":1,"4":1,"5":1},"f":{"0":1,"1":1},"b":{},"_coverageSchema":"1a1c01bbd47fc00a2c39e90264f33305004495a9","hash":"7e4cc247312e7766c02b46dfdbed9b03c4d86aa0"}
,"E:\\NodeJS_PHASE 2\\Management_task\\services\\leaveServices\\leave.Service.js": {"path":"E:\\NodeJS_PHASE 2\\Management_task\\services\\leaveServices\\leave.Service.js","statementMap":{"0":{"start":{"line":1,"column":31},"end":{"line":1,"column":64}},"1":{"start":{"line":2,"column":26},"end":{"line":2,"column":46}},"2":{"start":{"line":3,"column":11},"end":{"line":3,"column":40}},"3":{"start":{"line":4,"column":15},"end":{"line":4,"column":38}},"4":{"start":{"line":5,"column":13},"end":{"line":5,"column":45}},"5":{"start":{"line":6,"column":16},"end":{"line":6,"column":48}},"6":{"start":{"line":7,"column":16},"end":{"line":7,"column":49}},"7":{"start":{"line":8,"column":15},"end":{"line":8,"column":46}},"8":{"start":{"line":11,"column":18},"end":{"line":17,"column":1}},"9":{"start":{"line":13,"column":2},"end":{"line":13,"column":20}},"10":{"start":{"line":14,"column":22},"end":{"line":14,"column":50}},"11":{"start":{"line":15,"column":4},"end":{"line":15,"column":27}},"12":{"start":{"line":15,"column":12},"end":{"line":15,"column":27}},"13":{"start":{"line":16,"column":4},"end":{"line":16,"column":18}},"14":{"start":{"line":19,"column":24},"end":{"line":26,"column":1}},"15":{"start":{"line":20,"column":27},"end":{"line":23,"column":5}},"16":{"start":{"line":24,"column":4},"end":{"line":24,"column":31}},"17":{"start":{"line":24,"column":14},"end":{"line":24,"column":31}},"18":{"start":{"line":25,"column":4},"end":{"line":25,"column":21}},"19":{"start":{"line":28,"column":21},"end":{"line":60,"column":1}},"20":{"start":{"line":29,"column":19},"end":{"line":29,"column":21}},"21":{"start":{"line":30,"column":34},"end":{"line":36,"column":4}},"22":{"start":{"line":39,"column":2},"end":{"line":50,"column":3}},"23":{"start":{"line":39,"column":17},"end":{"line":39,"column":38}},"24":{"start":{"line":41,"column":2},"end":{"line":49,"column":3}},"25":{"start":{"line":42,"column":5},"end":{"line":42,"column":27}},"26":{"start":{"line":44,"column":7},"end":{"line":49,"column":3}},"27":{"start":{"line":45,"column":4},"end":{"line":45,"column":26}},"28":{"start":{"line":48,"column":4},"end":{"line":48,"column":25}},"29":{"start":{"line":51,"column":38},"end":{"line":55,"column":5}},"30":{"start":{"line":56,"column":2},"end":{"line":56,"column":31}},"31":{"start":{"line":57,"column":2},"end":{"line":57,"column":42}},"32":{"start":{"line":57,"column":19},"end":{"line":57,"column":42}},"33":{"start":{"line":58,"column":2},"end":{"line":58,"column":45}},"34":{"start":{"line":58,"column":22},"end":{"line":58,"column":45}},"35":{"start":{"line":61,"column":0},"end":{"line":61,"column":64}}},"fnMap":{"0":{"name":"(anonymous_0)","decl":{"start":{"line":11,"column":18},"end":{"line":11,"column":19}},"loc":{"start":{"line":11,"column":38},"end":{"line":17,"column":1}},"line":11},"1":{"name":"(anonymous_1)","decl":{"start":{"line":19,"column":24},"end":{"line":19,"column":25}},"loc":{"start":{"line":19,"column":44},"end":{"line":26,"column":1}},"line":19},"2":{"name":"(anonymous_2)","decl":{"start":{"line":28,"column":21},"end":{"line":28,"column":22}},"loc":{"start":{"line":28,"column":41},"end":{"line":60,"column":1}},"line":28}},"branchMap":{"0":{"loc":{"start":{"line":15,"column":4},"end":{"line":15,"column":27}},"type":"if","locations":[{"start":{"line":15,"column":4},"end":{"line":15,"column":27}},{"start":{},"end":{}}],"line":15},"1":{"loc":{"start":{"line":24,"column":4},"end":{"line":24,"column":31}},"type":"if","locations":[{"start":{"line":24,"column":4},"end":{"line":24,"column":31}},{"start":{},"end":{}}],"line":24},"2":{"loc":{"start":{"line":39,"column":2},"end":{"line":50,"column":3}},"type":"if","locations":[{"start":{"line":39,"column":2},"end":{"line":50,"column":3}},{"start":{"line":40,"column":6},"end":{"line":50,"column":3}}],"line":39},"3":{"loc":{"start":{"line":41,"column":2},"end":{"line":49,"column":3}},"type":"if","locations":[{"start":{"line":41,"column":2},"end":{"line":49,"column":3}},{"start":{"line":44,"column":7},"end":{"line":49,"column":3}}],"line":41},"4":{"loc":{"start":{"line":44,"column":7},"end":{"line":49,"column":3}},"type":"if","locations":[{"start":{"line":44,"column":7},"end":{"line":49,"column":3}},{"start":{"line":47,"column":6},"end":{"line":49,"column":3}}],"line":44},"5":{"loc":{"start":{"line":57,"column":2},"end":{"line":57,"column":42}},"type":"if","locations":[{"start":{"line":57,"column":2},"end":{"line":57,"column":42}},{"start":{},"end":{}}],"line":57},"6":{"loc":{"start":{"line":58,"column":2},"end":{"line":58,"column":45}},"type":"if","locations":[{"start":{"line":58,"column":2},"end":{"line":58,"column":45}},{"start":{},"end":{}}],"line":58}},"s":{"0":1,"1":1,"2":1,"3":1,"4":1,"5":1,"6":1,"7":1,"8":1,"9":2,"10":2,"11":2,"12":1,"13":1,"14":1,"15":2,"16":2,"17":1,"18":1,"19":1,"20":9,"21":9,"22":8,"23":3,"24":5,"25":0,"26":5,"27":0,"28":5,"29":5,"30":5,"31":5,"32":5,"33":0,"34":0,"35":1},"f":{"0":2,"1":2,"2":9},"b":{"0":[1,1],"1":[1,1],"2":[3,5],"3":[0,5],"4":[0,5],"5":[5,0],"6":[0,0]},"_coverageSchema":"1a1c01bbd47fc00a2c39e90264f33305004495a9","hash":"fde7a40285366f524e8507e7d0b87a7d747acf3b"}
}
