TN:
SF:global_functions.js
FN:3,(anonymous_0)
FN:12,(anonymous_1)
FN:23,(anonymous_2)
FN:25,(anonymous_3)
FN:28,(anonymous_4)
FN:35,(anonymous_5)
FN:44,(anonymous_6)
FNF:7
FNH:6
FNDA:14,(anonymous_0)
FNDA:2,(anonymous_1)
FNDA:31,(anonymous_2)
FNDA:9,(anonymous_3)
FNDA:21,(anonymous_4)
FNDA:10,(anonymous_5)
FNDA:0,(anonymous_6)
DA:1,1
DA:3,1
DA:4,14
DA:5,14
DA:7,14
DA:8,14
DA:9,14
DA:12,1
DA:13,2
DA:15,2
DA:16,0
DA:19,2
DA:20,2
DA:23,1
DA:24,31
DA:27,9
DA:30,21
DA:35,1
DA:36,10
DA:37,0
DA:40,10
DA:44,1
DA:45,0
DA:48,1
LF:24
LH:21
BRDA:4,0,0,14
BRDA:4,0,1,0
BRDA:4,1,0,14
BRDA:4,1,1,14
BRDA:8,2,0,14
BRDA:8,2,1,0
BRDA:15,3,0,0
BRDA:15,3,1,2
BRDA:19,4,0,2
BRDA:19,4,1,0
BRDA:36,5,0,0
BRDA:36,5,1,10
BRF:12
BRH:7
end_of_record
TN:
SF:config\config.js
FNF:0
FNH:0
DA:1,1
DA:3,1
DA:5,1
DA:6,1
DA:7,1
DA:8,1
DA:9,1
DA:10,1
DA:11,1
DA:12,1
DA:13,1
DA:14,1
DA:15,1
LF:13
LH:13
BRF:0
BRH:0
end_of_record
TN:
SF:config\constants.js
FNF:0
FNH:0
DA:3,1
DA:5,1
DA:7,1
LF:3
LH:3
BRF:0
BRH:0
end_of_record
TN:
SF:controllers\leaveDetailsController\leavedetails.Controller.js
FN:5,(anonymous_0)
FN:15,(anonymous_1)
FN:25,(anonymous_2)
FNF:3
FNH:3
FNDA:3,(anonymous_0)
FNDA:3,(anonymous_1)
FNDA:10,(anonymous_2)
DA:1,1
DA:2,1
DA:3,1
DA:5,1
DA:6,3
DA:7,2
DA:8,2
DA:9,1
DA:11,1
DA:15,1
DA:16,3
DA:17,2
DA:18,2
DA:19,1
DA:21,1
DA:25,1
DA:26,10
DA:27,9
DA:28,9
DA:29,0
DA:31,1
DA:34,1
DA:35,1
DA:36,1
DA:38,1
LF:25
LH:24
BRDA:6,0,0,2
BRDA:6,0,1,1
BRDA:6,1,0,3
BRDA:6,1,1,3
BRDA:8,2,0,1
BRDA:8,2,1,1
BRDA:16,3,0,2
BRDA:16,3,1,1
BRDA:16,4,0,3
BRDA:16,4,1,3
BRDA:16,4,2,3
BRDA:18,5,0,1
BRDA:18,5,1,1
BRDA:26,6,0,9
BRDA:26,6,1,1
BRDA:26,7,0,10
BRDA:26,7,1,10
BRDA:26,7,2,9
BRDA:28,8,0,9
BRDA:28,8,1,0
BRF:20
BRH:19
end_of_record
TN:
SF:models\index.js
FN:27,(anonymous_0)
FN:29,(anonymous_1)
FN:30,(anonymous_2)
FN:32,(anonymous_3)
FN:36,(anonymous_4)
FN:43,(anonymous_5)
FN:45,(anonymous_6)
FN:52,(anonymous_7)
FN:61,(anonymous_8)
FNF:9
FNH:5
FNDA:1,(anonymous_0)
FNDA:0,(anonymous_1)
FNDA:0,(anonymous_2)
FNDA:0,(anonymous_3)
FNDA:0,(anonymous_4)
FNDA:5,(anonymous_5)
FNDA:5,(anonymous_6)
FNDA:5,(anonymous_7)
FNDA:5,(anonymous_8)
DA:1,1
DA:2,1
DA:3,1
DA:4,1
DA:5,1
DA:7,1
DA:9,1
DA:27,1
DA:28,1
DA:30,0
DA:31,0
DA:32,0
DA:37,0
DA:40,0
DA:43,1
DA:44,5
DA:46,5
DA:53,5
DA:57,5
DA:61,1
DA:62,5
DA:63,4
DA:66,1
DA:67,1
DA:68,1
DA:70,1
LF:26
LH:21
BRDA:31,0,0,0
BRDA:31,0,1,0
BRDA:47,1,0,5
BRDA:47,1,1,5
BRDA:47,1,2,5
BRDA:62,2,0,4
BRDA:62,2,1,1
BRF:7
BRH:5
end_of_record
TN:
SF:models\departmentDetails\department.js
FN:1,(anonymous_0)
FN:25,(anonymous_1)
FNF:2
FNH:2
FNDA:1,(anonymous_0)
FNDA:1,(anonymous_1)
DA:1,1
DA:2,1
DA:25,1
DA:26,1
DA:28,1
LF:5
LH:5
BRF:0
BRH:0
end_of_record
TN:
SF:models\employeeDetails\employee.js
FN:1,(anonymous_0)
FN:48,(anonymous_1)
FNF:2
FNH:2
FNDA:1,(anonymous_0)
FNDA:1,(anonymous_1)
DA:1,1
DA:2,1
DA:48,1
DA:49,1
DA:51,1
LF:5
LH:5
BRF:0
BRH:0
end_of_record
TN:
SF:models\leaveManagement\timeOffs.js
FN:1,(anonymous_0)
FNF:1
FNH:1
FNDA:1,(anonymous_0)
DA:1,1
DA:3,1
DA:37,1
LF:3
LH:3
BRF:0
BRH:0
end_of_record
TN:
SF:models\managerDetails\manager.js
FN:1,(anonymous_0)
FN:38,(anonymous_1)
FNF:2
FNH:2
FNDA:1,(anonymous_0)
FNDA:1,(anonymous_1)
DA:1,1
DA:2,1
DA:38,1
DA:39,1
DA:40,1
DA:42,1
LF:6
LH:6
BRF:0
BRH:0
end_of_record
TN:
SF:models\teamLeadsDetails\teamLeads.js
FN:1,(anonymous_0)
FN:47,(anonymous_1)
FNF:2
FNH:2
FNDA:1,(anonymous_0)
FNDA:1,(anonymous_1)
DA:1,1
DA:2,1
DA:47,1
DA:48,1
DA:49,1
DA:51,1
LF:6
LH:6
BRF:0
BRH:0
end_of_record
TN:
SF:services\leaveServices\leave.Service.js
FN:11,(anonymous_0)
FN:19,(anonymous_1)
FN:28,(anonymous_2)
FNF:3
FNH:3
FNDA:2,(anonymous_0)
FNDA:2,(anonymous_1)
FNDA:9,(anonymous_2)
DA:1,1
DA:2,1
DA:3,1
DA:4,1
DA:5,1
DA:6,1
DA:7,1
DA:8,1
DA:11,1
DA:13,2
DA:14,2
DA:15,2
DA:16,1
DA:19,1
DA:20,2
DA:24,2
DA:25,1
DA:28,1
DA:29,9
DA:30,9
DA:39,8
DA:41,5
DA:42,0
DA:44,5
DA:45,0
DA:48,5
DA:51,5
DA:56,5
DA:57,5
DA:58,0
DA:61,1
LF:31
LH:28
BRDA:15,0,0,1
BRDA:15,0,1,1
BRDA:24,1,0,1
BRDA:24,1,1,1
BRDA:39,2,0,3
BRDA:39,2,1,5
BRDA:41,3,0,0
BRDA:41,3,1,5
BRDA:44,4,0,0
BRDA:44,4,1,5
BRDA:57,5,0,5
BRDA:57,5,1,0
BRDA:58,6,0,0
BRDA:58,6,1,0
BRF:14
BRH:9
end_of_record
